<?xml version="1.0" encoding="UTF-8"?>
<!-- Generated by org.testng.reporters.JUnitReportReporter -->
<testsuite hostname="Ashishs-Air.lan" failures="0" tests="5" name="testngparallelexecution.TestNGParallelExecutionRunner" time="135.608" errors="0" timestamp="2022-02-23T14:02:29 EST" skipped="0">
  <testcase classname="testngparallelexecution.TestNGParallelExecutionRunner" name="runScenario" time="31.875"/>
  <system-out/>
  <testcase classname="testngparallelexecution.TestNGParallelExecutionRunner" name="runScenario" time="30.989"/>
  <system-out/>
  <testcase classname="testngparallelexecution.TestNGParallelExecutionRunner" name="runScenario" time="22.945"/>
  <system-out/>
  <testcase classname="testngparallelexecution.TestNGParallelExecutionRunner" name="runScenario" time="22.859"/>
  <system-out/>
  <testcase classname="testngparallelexecution.TestNGParallelExecutionRunner" name="runScenario" time="26.940"/>
  <system-out/>
</testsuite> <!-- testngparallelexecution.TestNGParallelExecutionRunner -->
